Building DAG of jobs...
Using shell: /bin/bash
Provided cores: 1 (use --cores to define parallelism)
Rules claiming more threads will be scaled down.
Job stats:
job                        count    min threads    max threads
-----------------------  -------  -------------  -------------
all                            1              1              1
get_icr_raw_data               1              1              1
get_research_paper_only        1              1              1
total                          3              1              1

Select jobs to execute...

[Fri Aug 19 13:54:58 2022]
rule get_research_paper_only:
    input: ../data/interim/cat_classification.csv, ../data/interim/dois_to_delete.txt, ../data/interim/dois_to_keep.txt, ../data/interim/ica_paper_df.csv, ../data/processed/author_with_pred.csv
    output: ../data/processed/ica_paper_df_with_type.csv, ../data/processed/research_author_with_pred.csv
    jobid: 7
    resources: tmpdir=/var/folders/z2/5kr96fyn63z_tj_bwr33t5dw0000gn/T

[Fri Aug 19 13:55:02 2022]
Finished job 7.
1 of 3 steps (33%) done
Select jobs to execute...

[Fri Aug 19 13:55:02 2022]
rule get_icr_raw_data:
    input: ../data/processed/research_author_with_pred.csv
    output: ../data/interim/icr_raw_data.csv
    jobid: 8
    resources: tmpdir=/var/folders/z2/5kr96fyn63z_tj_bwr33t5dw0000gn/T

[Fri Aug 19 13:55:03 2022]
Finished job 8.
2 of 3 steps (67%) done
Select jobs to execute...

[Fri Aug 19 13:55:03 2022]
localrule all:
    input: ../data/interim/ica_paper_df.csv, ../data/interim/ica_paper_data.csv, ../data/interim/ica_author_data.csv, ../data/interim/ica_error_urls.txt, ../data/interim/author_with_gender.csv, ../data/interim/author_with_pred_raw.csv, ../data/processed/author_with_pred.csv, ../data/interim/cats_keep_to_check.csv, ../data/processed/ica_paper_df_with_type.csv, ../data/processed/research_author_with_pred.csv, ../data/interim/icr_raw_data.csv
    jobid: 0
    resources: tmpdir=/var/folders/z2/5kr96fyn63z_tj_bwr33t5dw0000gn/T

[Fri Aug 19 13:55:03 2022]
Finished job 0.
3 of 3 steps (100%) done
Complete log: .snakemake/log/2022-08-19T135457.615019.snakemake.log
