Migrating .snakemake folder to new format...
Migration complete
Building DAG of jobs...
Using shell: /bin/bash
Provided cores: 1 (use --cores to define parallelism)
Rules claiming more threads will be scaled down.
Job stats:
job                         count    min threads    max threads
------------------------  -------  -------------  -------------
all                             1              1              1
get_author_with_gender          1              1              1
get_author_with_pred_raw        1              1              1
scrape_ica_author_data          1              1              1
total                           4              1              1

Select jobs to execute...

[Thu Dec 22 10:29:11 2022]
rule scrape_ica_author_data:
    input: ../data/interim/ica_paper_df.csv
    output: ../data/interim/ica_paper_data.csv, ../data/interim/ica_author_data.csv, ../data/interim/ica_error_urls.txt
    jobid: 3
    resources: tmpdir=/var/folders/z2/5kr96fyn63z_tj_bwr33t5dw0000gn/T

Terminating processes on user request, this might take some time.
[Thu Dec 22 10:29:24 2022]
Error in rule scrape_ica_author_data:
    jobid: 3
    output: ../data/interim/ica_paper_data.csv, ../data/interim/ica_author_data.csv, ../data/interim/ica_error_urls.txt
    shell:
        python scripts/scrape_ica_author_data.py ../data/interim/ica_paper_df.csv ../data/interim/ica_paper_data.csv ../data/interim/ica_author_data.csv ../data/interim/ica_error_urls.txt
        (one of the commands exited with non-zero exit code; note that snakemake uses bash strict mode!)

Complete log: /Users/hongtaoh/Desktop/ica_authors/workflow/.snakemake/log/2022-12-22T102911.093865.snakemake.log
