Building DAG of jobs...
Using shell: /bin/bash
Provided cores: 1 (use --cores to define parallelism)
Rules claiming more threads will be scaled down.
Job stats:
job                       count    min threads    max threads
----------------------  -------  -------------  -------------
all                           1              1              1
scrape_ica_author_data        1              1              1
scrape_ica_paper_dois         1              1              1
total                         3              1              1

Select jobs to execute...

[Tue Jul 19 11:56:23 2022]
rule scrape_ica_paper_dois:
    output: ../data/interim/ica_paper_df.csv
    jobid: 1
    resources: tmpdir=/var/folders/z2/5kr96fyn63z_tj_bwr33t5dw0000gn/T

[Tue Jul 19 11:56:41 2022]
Error in rule scrape_ica_paper_dois:
    jobid: 1
    output: ../data/interim/ica_paper_df.csv
    shell:
        python scripts/scrape_ica_paper_dois.py ../data/interim/ica_paper_df.csv
        (one of the commands exited with non-zero exit code; note that snakemake uses bash strict mode!)

Shutting down, this might take some time.
Exiting because a job execution failed. Look above for error message
Complete log: .snakemake/log/2022-07-19T115623.128000.snakemake.log
