Migrating .snakemake folder to new format...
Migration complete
Building DAG of jobs...
Using shell: /bin/bash
Provided cores: 1 (use --cores to define parallelism)
Rules claiming more threads will be scaled down.
Job stats:
job                               count    min threads    max threads
------------------------------  -------  -------------  -------------
all                                   1              1              1
get_author_with_pred                  1              1              1
get_paper_and_author_with_type        1              1              1
total                                 3              1              1

Select jobs to execute...

[Thu Dec 22 10:48:51 2022]
rule get_author_with_pred:
    input: ../data/interim/author_with_pred_raw.csv
    output: ../data/processed/author_with_pred.csv
    jobid: 3
    resources: tmpdir=/var/folders/z2/5kr96fyn63z_tj_bwr33t5dw0000gn/T

[Thu Dec 22 10:48:55 2022]
Finished job 3.
1 of 3 steps (33%) done
Select jobs to execute...

[Thu Dec 22 10:48:55 2022]
rule get_paper_and_author_with_type:
    input: ../data/interim/paper_classification_task/paper_classification_hongtao.csv, ../data/interim/paper_classification_task/paper_classification_jeff.csv, ../data/interim/paper_classification_task/paper_classification_kristen.csv, ../data/interim/ica_paper_df.csv, ../data/processed/author_with_pred.csv
    output: ../data/processed/ica_paper_df_with_type.csv, ../data/processed/author_with_pred_with_type.csv, ../data/processed/research_paper_df.csv, ../data/processed/research_author_with_pred.csv, ../data/processed/authors_to_study.csv, ../data/processed/dois_to_study.txt, ../data/processed/papers_to_study.csv
    jobid: 1
    resources: tmpdir=/var/folders/z2/5kr96fyn63z_tj_bwr33t5dw0000gn/T

[Thu Dec 22 10:48:59 2022]
Finished job 1.
2 of 3 steps (67%) done
Select jobs to execute...

[Thu Dec 22 10:48:59 2022]
localrule all:
    input: ../data/processed/ica_paper_df_with_type.csv, ../data/processed/author_with_pred_with_type.csv, ../data/processed/research_paper_df.csv, ../data/processed/research_author_with_pred.csv, ../data/processed/authors_to_study.csv, ../data/processed/dois_to_study.txt, ../data/processed/papers_to_study.csv, ../data/processed/authorid_with_variables.csv
    jobid: 0
    resources: tmpdir=/var/folders/z2/5kr96fyn63z_tj_bwr33t5dw0000gn/T

[Thu Dec 22 10:48:59 2022]
Finished job 0.
3 of 3 steps (100%) done
Complete log: .snakemake/log/2022-12-22T104850.878830.snakemake.log
