Building DAG of jobs...
Using shell: /bin/bash
Provided cores: 1 (use --cores to define parallelism)
Rules claiming more threads will be scaled down.
Job stats:
job                                count    min threads    max threads
-------------------------------  -------  -------------  -------------
all                                    1              1              1
get_authorid_with_vars                 1              1              1
get_authors_and_papers_expanded        1              1              1
get_gscholar_data                      1              1              1
get_gscholar_data_combined             1              1              1
get_paper_and_author_with_type         1              1              1
total                                  6              1              1

Select jobs to execute...

[Thu Dec 22 10:49:58 2022]
rule get_authorid_with_vars:
    input: ../data/raw/large/ror.json, ../data/interim/aff_result/hongtao.csv, ../data/interim/aff_result/kristen.csv, ../data/interim/gender_race_result/haley.csv, ../data/interim/gender_race_result/JAEMIN.csv, ../data/interim/gender_race_result/jongmin.csv, ../data/interim/gender_race_result/matthew.csv, ../data/interim/gender_race_result/jeff.csv, ../data/interim/gender_race_result/michelle.csv, ../data/interim/gender_race_result/initial_df.csv
    output: ../data/processed/authorid_with_variables.csv
    jobid: 7
    resources: tmpdir=/var/folders/z2/5kr96fyn63z_tj_bwr33t5dw0000gn/T

[Thu Dec 22 10:50:08 2022]
Finished job 7.
1 of 6 steps (17%) done
Select jobs to execute...

[Thu Dec 22 10:50:08 2022]
rule get_paper_and_author_with_type:
    input: ../data/interim/paper_classification_task/paper_classification_hongtao.csv, ../data/interim/paper_classification_task/paper_classification_jeff.csv, ../data/interim/paper_classification_task/paper_classification_kristen.csv, ../data/interim/ica_paper_df.csv, ../data/processed/author_with_pred.csv
    output: ../data/processed/ica_paper_df_with_type.csv, ../data/processed/author_with_pred_with_type.csv, ../data/processed/research_paper_df.csv, ../data/processed/research_author_with_pred.csv, ../data/processed/authors_to_study.csv, ../data/processed/dois_to_study.txt, ../data/processed/papers_to_study.csv
    jobid: 1
    resources: tmpdir=/var/folders/z2/5kr96fyn63z_tj_bwr33t5dw0000gn/T

[Thu Dec 22 10:50:13 2022]
Finished job 1.
2 of 6 steps (33%) done
Select jobs to execute...

[Thu Dec 22 10:50:13 2022]
rule get_gscholar_data:
    input: ../data/processed/authors_to_study.csv
    output: ../data/processed/gscholar_data.csv
    jobid: 10
    resources: tmpdir=/var/folders/z2/5kr96fyn63z_tj_bwr33t5dw0000gn/T

[Thu Dec 22 10:50:24 2022]
Error in rule get_gscholar_data:
    jobid: 10
    output: ../data/processed/gscholar_data.csv
    shell:
        python scripts/get_gscholar_data.py ../data/processed/authors_to_study.csv ../data/processed/gscholar_data.csv
        (one of the commands exited with non-zero exit code; note that snakemake uses bash strict mode!)

Shutting down, this might take some time.
Exiting because a job execution failed. Look above for error message
Complete log: .snakemake/log/2022-12-22T104958.679006.snakemake.log
