Building DAG of jobs...
Using shell: /bin/bash
Provided cores: 1 (use --cores to define parallelism)
Rules claiming more threads will be scaled down.
Job stats:
job                         count    min threads    max threads
------------------------  -------  -------------  -------------
all                             1              1              1
get_gender_race_aff_pred        1              1              1
total                           2              1              1

Select jobs to execute...

[Mon Jul 25 15:31:16 2022]
rule get_gender_race_aff_pred:
    input: ../data/interim/ica_author_data.csv, ../data/raw/large/ror.json
    output: ../data/interim/author_with_pred.csv
    jobid: 3
    resources: tmpdir=/var/folders/z2/5kr96fyn63z_tj_bwr33t5dw0000gn/T

[Mon Jul 25 15:32:44 2022]
Finished job 3.
1 of 2 steps (50%) done
Select jobs to execute...

[Mon Jul 25 15:32:44 2022]
localrule all:
    input: ../data/interim/ica_paper_df.csv, ../data/interim/ica_paper_data.csv, ../data/interim/ica_author_data.csv, ../data/interim/ica_error_urls.txt, ../data/interim/author_with_pred.csv
    jobid: 0
    resources: tmpdir=/var/folders/z2/5kr96fyn63z_tj_bwr33t5dw0000gn/T

[Mon Jul 25 15:32:44 2022]
Finished job 0.
2 of 2 steps (100%) done
Complete log: .snakemake/log/2022-07-25T153115.588058.snakemake.log
