Building DAG of jobs...
Using shell: /bin/bash
Provided cores: 1 (use --cores to define parallelism)
Rules claiming more threads will be scaled down.
Job stats:
job                      count    min threads    max threads
---------------------  -------  -------------  -------------
all                          1              1              1
scrape_ica_paper_dois        1              1              1
total                        2              1              1

Select jobs to execute...

[Sat Jul 16 14:45:37 2022]
rule scrape_ica_paper_dois:
    output: ../data/interim/ica_paper_df.csv
    jobid: 1
    resources: tmpdir=/var/folders/z2/5kr96fyn63z_tj_bwr33t5dw0000gn/T

Terminating processes on user request, this might take some time.
[Sat Jul 16 14:46:06 2022]
Error in rule scrape_ica_paper_dois:
    jobid: 1
    output: ../data/interim/ica_paper_df.csv
    shell:
        python scripts/scrape_ica_paper_dois.py ../data/interim/ica_paper_df.csv
        (one of the commands exited with non-zero exit code; note that snakemake uses bash strict mode!)

Complete log: .snakemake/log/2022-07-16T144537.080504.snakemake.log
