Building DAG of jobs...
Using shell: /bin/bash
Provided cores: 1 (use --cores to define parallelism)
Rules claiming more threads will be scaled down.
Job stats:
job                      count    min threads    max threads
---------------------  -------  -------------  -------------
all                          1              1              1
scrape_ica_paper_dois        1              1              1
total                        2              1              1

Select jobs to execute...

[Sun Jul 17 10:49:42 2022]
rule scrape_ica_paper_dois:
    output: ../data/interim/ica_paper_df.csv
    jobid: 1
    resources: tmpdir=/var/folders/z2/5kr96fyn63z_tj_bwr33t5dw0000gn/T

[Sun Jul 17 10:58:54 2022]
Finished job 1.
1 of 2 steps (50%) done
Select jobs to execute...

[Sun Jul 17 10:58:54 2022]
localrule all:
    input: ../data/interim/ica_paper_df.csv
    jobid: 0
    resources: tmpdir=/var/folders/z2/5kr96fyn63z_tj_bwr33t5dw0000gn/T

[Sun Jul 17 10:58:54 2022]
Finished job 0.
2 of 2 steps (100%) done
Complete log: .snakemake/log/2022-07-17T104942.320883.snakemake.log
