Building DAG of jobs...
Using shell: /bin/bash
Provided cores: 1 (use --cores to define parallelism)
Rules claiming more threads will be scaled down.
Job stats:
job                               count    min threads    max threads
------------------------------  -------  -------------  -------------
all                                   1              1              1
get_paper_and_author_with_type        1              1              1
total                                 2              1              1

Select jobs to execute...

[Tue Sep 20 14:44:25 2022]
rule get_paper_and_author_with_type:
    input: ../data/raw/paper_classification_hongtao.csv, ../data/raw/paper_classification_jeff.csv, ../data/raw/paper_classification_kristen.csv, ../data/interim/ica_paper_df.csv, ../data/processed/author_with_pred.csv
    output: ../data/processed/ica_paper_df_with_type.csv, ../data/processed/author_with_pred_with_type.csv, ../data/processed/research_paper_df.csv, ../data/processed/research_author_with_pred.csv
    jobid: 6
    resources: tmpdir=/var/folders/z2/5kr96fyn63z_tj_bwr33t5dw0000gn/T

[Tue Sep 20 14:44:30 2022]
Finished job 6.
1 of 2 steps (50%) done
Select jobs to execute...

[Tue Sep 20 14:44:30 2022]
localrule all:
    input: ../data/interim/ica_paper_df.csv, ../data/interim/ica_paper_data.csv, ../data/interim/ica_author_data.csv, ../data/interim/ica_error_urls.txt, ../data/interim/author_with_gender.csv, ../data/interim/author_with_pred_raw.csv, ../data/processed/author_with_pred.csv, ../data/processed/ica_paper_df_with_type.csv, ../data/processed/author_with_pred_with_type.csv, ../data/processed/research_paper_df.csv, ../data/processed/research_author_with_pred.csv
    jobid: 0
    resources: tmpdir=/var/folders/z2/5kr96fyn63z_tj_bwr33t5dw0000gn/T

[Tue Sep 20 14:44:30 2022]
Finished job 0.
2 of 2 steps (100%) done
Complete log: .snakemake/log/2022-09-20T144424.667239.snakemake.log
