Building DAG of jobs...
Using shell: /bin/bash
Provided cores: 1 (use --cores to define parallelism)
Rules claiming more threads will be scaled down.
Job stats:
job                                count    min threads    max threads
-------------------------------  -------  -------------  -------------
all                                    1              1              1
get_authorid_with_vars                 1              1              1
get_authors_and_papers_expanded        1              1              1
get_paper_and_author_with_type         1              1              1
total                                  4              1              1

Select jobs to execute...

[Thu Dec 22 16:42:35 2022]
rule get_authorid_with_vars:
    input: ../data/raw/large/ror.json, ../data/interim/aff_result/hongtao.csv, ../data/interim/aff_result/kristen.csv, ../data/interim/gender_race_result/haley.csv, ../data/interim/gender_race_result/JAEMIN.csv, ../data/interim/gender_race_result/jongmin.csv, ../data/interim/gender_race_result/matthew.csv, ../data/interim/gender_race_result/jeff.csv, ../data/interim/gender_race_result/michelle.csv, ../data/interim/gender_race_result/initial_df.csv
    output: ../data/processed/authorid_with_variables.csv
    jobid: 7
    resources: tmpdir=/var/folders/z2/5kr96fyn63z_tj_bwr33t5dw0000gn/T

[Thu Dec 22 16:42:47 2022]
Finished job 7.
1 of 4 steps (25%) done
Select jobs to execute...

[Thu Dec 22 16:42:47 2022]
rule get_paper_and_author_with_type:
    input: ../data/interim/paper_classification_task/paper_classification_hongtao.csv, ../data/interim/paper_classification_task/paper_classification_jeff.csv, ../data/interim/paper_classification_task/paper_classification_kristen.csv, ../data/interim/ica_paper_df.csv, ../data/processed/author_with_pred.csv
    output: ../data/processed/ica_paper_df_with_type.csv, ../data/processed/author_with_pred_with_type.csv, ../data/processed/research_paper_df.csv, ../data/processed/research_author_with_pred.csv, ../data/processed/authors_to_study.csv, ../data/processed/dois_to_study.txt, ../data/processed/papers_to_study.csv
    jobid: 1
    resources: tmpdir=/var/folders/z2/5kr96fyn63z_tj_bwr33t5dw0000gn/T

[Thu Dec 22 16:42:54 2022]
Finished job 1.
2 of 4 steps (50%) done
Select jobs to execute...

[Thu Dec 22 16:42:54 2022]
rule get_authors_and_papers_expanded:
    input: ../data/processed/authorid_with_variables.csv, ../data/processed/authors_to_study.csv, ../data/processed/papers_to_study.csv, ../data/processed/gscholar_data_combined.csv
    output: ../data/processed/authors_to_study_expanded.csv, ../data/processed/papers_to_study_expanded.csv
    jobid: 8
    resources: tmpdir=/var/folders/z2/5kr96fyn63z_tj_bwr33t5dw0000gn/T

[Thu Dec 22 16:43:04 2022]
Finished job 8.
3 of 4 steps (75%) done
Select jobs to execute...

[Thu Dec 22 16:43:04 2022]
localrule all:
    input: ../data/processed/ica_paper_df_with_type.csv, ../data/processed/author_with_pred_with_type.csv, ../data/processed/research_paper_df.csv, ../data/processed/research_author_with_pred.csv, ../data/processed/authors_to_study.csv, ../data/processed/dois_to_study.txt, ../data/processed/papers_to_study.csv, ../data/processed/authorid_with_variables.csv, ../data/processed/authors_to_study_expanded.csv, ../data/processed/papers_to_study_expanded.csv, ../data/processed/gscholar_data_combined.csv
    jobid: 0
    resources: tmpdir=/var/folders/z2/5kr96fyn63z_tj_bwr33t5dw0000gn/T

[Thu Dec 22 16:43:04 2022]
Finished job 0.
4 of 4 steps (100%) done
Complete log: .snakemake/log/2022-12-22T164234.481483.snakemake.log
