Building DAG of jobs...
Using shell: /bin/bash
Provided cores: 1 (use --cores to define parallelism)
Rules claiming more threads will be scaled down.
Job stats:
job                     count    min threads    max threads
--------------------  -------  -------------  -------------
all                         1              1              1
get_author_with_pred        1              1              1
total                       2              1              1

Select jobs to execute...

[Thu Aug  4 10:50:10 2022]
rule get_author_with_pred:
    input: ../data/interim/author_with_pred_raw.csv
    output: ../data/processed/author_with_pred.csv
    jobid: 5
    resources: tmpdir=/var/folders/z2/5kr96fyn63z_tj_bwr33t5dw0000gn/T

[Thu Aug  4 10:50:15 2022]
Finished job 5.
1 of 2 steps (50%) done
Select jobs to execute...

[Thu Aug  4 10:50:15 2022]
localrule all:
    input: ../data/interim/ica_paper_df.csv, ../data/interim/ica_paper_data.csv, ../data/interim/ica_author_data.csv, ../data/interim/ica_error_urls.txt, ../data/interim/author_with_gender.csv, ../data/interim/author_with_pred_raw.csv, ../data/processed/author_with_pred.csv
    jobid: 0
    resources: tmpdir=/var/folders/z2/5kr96fyn63z_tj_bwr33t5dw0000gn/T

[Thu Aug  4 10:50:15 2022]
Finished job 0.
2 of 2 steps (100%) done
Complete log: .snakemake/log/2022-08-04T105010.232957.snakemake.log
