Building DAG of jobs...
Using shell: /bin/bash
Provided cores: 1 (use --cores to define parallelism)
Rules claiming more threads will be scaled down.
Job stats:
job                       count    min threads    max threads
----------------------  -------  -------------  -------------
all                           1              1              1
scrape_ica_author_data        1              1              1
total                         2              1              1

Select jobs to execute...

[Sat Jun 25 09:11:16 2022]
rule scrape_ica_author_data:
    input: ../data/interim/ica_paper_df.csv
    output: ../data/interim/ica_paper_data.csv, ../data/interim/ica_author_data.csv, ../data/interim/ica_error_urls.txt
    jobid: 2
    resources: tmpdir=/var/folders/z2/5kr96fyn63z_tj_bwr33t5dw0000gn/T

[Sat Jun 25 09:11:52 2022]
Finished job 2.
1 of 2 steps (50%) done
Select jobs to execute...

[Sat Jun 25 09:11:52 2022]
localrule all:
    input: ../data/interim/ica_paper_df.csv, ../data/interim/ica_paper_data.csv, ../data/interim/ica_author_data.csv, ../data/interim/ica_error_urls.txt
    jobid: 0
    resources: tmpdir=/var/folders/z2/5kr96fyn63z_tj_bwr33t5dw0000gn/T

[Sat Jun 25 09:11:52 2022]
Finished job 0.
2 of 2 steps (100%) done
Complete log: .snakemake/log/2022-06-25T091116.283092.snakemake.log
