Building DAG of jobs...
Using shell: /bin/bash
Provided cores: 1 (use --cores to define parallelism)
Rules claiming more threads will be scaled down.
Job stats:
job                                count    min threads    max threads
-------------------------------  -------  -------------  -------------
all                                    1              1              1
get_authors_and_papers_expanded        1              1              1
get_gscholar_data_combined             1              1              1
total                                  3              1              1

Select jobs to execute...

[Thu Dec 22 11:07:28 2022]
rule get_gscholar_data_combined:
    input: ../data/processed/gscholar_data.csv, ../data/interim/gscholar_data_manual_checked.csv
    output: ../data/processed/gscholar_data_combined.csv
    jobid: 9
    resources: tmpdir=/var/folders/z2/5kr96fyn63z_tj_bwr33t5dw0000gn/T

[Thu Dec 22 11:07:29 2022]
Finished job 9.
1 of 3 steps (33%) done
Select jobs to execute...

[Thu Dec 22 11:07:29 2022]
rule get_authors_and_papers_expanded:
    input: ../data/processed/authorid_with_variables.csv, ../data/processed/authors_to_study.csv, ../data/processed/papers_to_study.csv, ../data/processed/gscholar_data_combined.csv
    output: ../data/processed/authors_to_study_expanded.csv, ../data/processed/papers_to_study_expanded.csv
    jobid: 8
    resources: tmpdir=/var/folders/z2/5kr96fyn63z_tj_bwr33t5dw0000gn/T

[Thu Dec 22 11:07:37 2022]
Error in rule get_authors_and_papers_expanded:
    jobid: 8
    output: ../data/processed/authors_to_study_expanded.csv, ../data/processed/papers_to_study_expanded.csv
    shell:
        python scripts/get_authors_and_papers_expanded.py ../data/processed/authorid_with_variables.csv ../data/processed/authors_to_study.csv ../data/processed/papers_to_study.csv ../data/processed/gscholar_data_combined.csv ../data/processed/authors_to_study_expanded.csv ../data/processed/papers_to_study_expanded.csv
        (one of the commands exited with non-zero exit code; note that snakemake uses bash strict mode!)

Shutting down, this might take some time.
Exiting because a job execution failed. Look above for error message
Complete log: .snakemake/log/2022-12-22T110728.726624.snakemake.log
