Migrating .snakemake folder to new format...
Migration complete
Building DAG of jobs...
Using shell: /bin/bash
Provided cores: 1 (use --cores to define parallelism)
Rules claiming more threads will be scaled down.
Job stats:
job                         count    min threads    max threads
------------------------  -------  -------------  -------------
all                             1              1              1
get_author_with_gender          1              1              1
get_author_with_pred_raw        1              1              1
total                           3              1              1

Select jobs to execute...

[Thu Dec 22 10:43:43 2022]
rule get_author_with_gender:
    input: ../data/interim/ica_author_data.csv
    output: ../data/interim/author_with_gender.csv
    jobid: 2
    resources: tmpdir=/var/folders/z2/5kr96fyn63z_tj_bwr33t5dw0000gn/T

[Thu Dec 22 10:43:50 2022]
Error in rule get_author_with_gender:
    jobid: 2
    output: ../data/interim/author_with_gender.csv
    shell:
        python scripts/get_author_with_gender.py ../data/interim/ica_author_data.csv ../data/interim/author_with_gender.csv
        (one of the commands exited with non-zero exit code; note that snakemake uses bash strict mode!)

Shutting down, this might take some time.
Exiting because a job execution failed. Look above for error message
Complete log: .snakemake/log/2022-12-22T104342.385558.snakemake.log
