Building DAG of jobs...
Using shell: /bin/bash
Provided cores: 1 (use --cores to define parallelism)
Rules claiming more threads will be scaled down.
Job stats:
job                  count    min threads    max threads
-----------------  -------  -------------  -------------
all                      1              1              1
get_gscholar_data        1              1              1
total                    2              1              1

Select jobs to execute...

[Thu Nov 24 16:08:19 2022]
rule get_gscholar_data:
    input: ../data/processed/authors_to_study.csv
    output: ../data/processed/gscholar_data.csv
    jobid: 1
    reason: Missing output files: ../data/processed/gscholar_data.csv
    resources: tmpdir=/var/folders/jh/8bnrrjds16sbkbtxfzdx393w0000gn/T

[Thu Nov 24 17:12:12 2022]
Finished job 1.
1 of 2 steps (50%) done
Select jobs to execute...

[Thu Nov 24 17:12:12 2022]
localrule all:
    input: ../data/processed/gscholar_data.csv
    jobid: 0
    reason: Input files updated by another job: ../data/processed/gscholar_data.csv
    resources: tmpdir=/var/folders/jh/8bnrrjds16sbkbtxfzdx393w0000gn/T

[Thu Nov 24 17:12:12 2022]
Finished job 0.
2 of 2 steps (100%) done
Complete log: .snakemake/log/2022-11-24T160818.912935.snakemake.log
