Building DAG of jobs...
Using shell: /bin/bash
Provided cores: 1 (use --cores to define parallelism)
Rules claiming more threads will be scaled down.
Job stats:
job                       count    min threads    max threads
----------------------  -------  -------------  -------------
all                           1              1              1
get_authorid_with_vars        1              1              1
total                         2              1              1

Select jobs to execute...

[Thu Dec 22 09:15:59 2022]
rule get_authorid_with_vars:
    input: ../data/raw/large/ror.json, ../data/interim/aff_result/hongtao.csv, ../data/interim/aff_result/kristen.csv, ../data/interim/gender_race_result/haley.csv, ../data/interim/gender_race_result/JAEMIN.csv, ../data/interim/gender_race_result/jongmin.csv, ../data/interim/gender_race_result/matthew.csv, ../data/interim/gender_race_result/jeff.csv, ../data/interim/gender_race_result/michelle.csv, ../data/interim/gender_race_result/initial_df.csv
    output: ../data/processed/authorid_with_variables.csv
    jobid: 1
    resources: tmpdir=/var/folders/z2/5kr96fyn63z_tj_bwr33t5dw0000gn/T

[Thu Dec 22 09:16:11 2022]
Finished job 1.
1 of 2 steps (50%) done
Select jobs to execute...

[Thu Dec 22 09:16:11 2022]
localrule all:
    input: ../data/processed/authorid_with_variables.csv
    jobid: 0
    resources: tmpdir=/var/folders/z2/5kr96fyn63z_tj_bwr33t5dw0000gn/T

[Thu Dec 22 09:16:11 2022]
Finished job 0.
2 of 2 steps (100%) done
Complete log: .snakemake/log/2022-12-22T091558.829222.snakemake.log
