Building DAG of jobs...
Using shell: /bin/bash
Provided cores: 1 (use --cores to define parallelism)
Rules claiming more threads will be scaled down.
Job stats:
job                       count    min threads    max threads
----------------------  -------  -------------  -------------
all                           1              1              1
get_authorid_with_vars        1              1              1
total                         2              1              1

Select jobs to execute...

[Sun Oct  9 09:08:59 2022]
rule get_authorid_with_vars:
    input: ../data/raw/large/ror.json, ../data/interim/aff_result/hongtao.csv, ../data/interim/aff_result/kristen.csv, ../data/interim/gender_race_result/haley.csv, ../data/interim/gender_race_result/JAEMIN.csv, ../data/interim/gender_race_result/jongmin.csv, ../data/interim/gender_race_result/matthew.csv, ../data/interim/gender_race_result/jeff.csv, ../data/interim/gender_race_result/michelle.csv
    output: ../data/processed/authorid_with_variables.csv
    jobid: 7
    resources: tmpdir=/var/folders/z2/5kr96fyn63z_tj_bwr33t5dw0000gn/T

[Sun Oct  9 09:09:12 2022]
Finished job 7.
1 of 2 steps (50%) done
Select jobs to execute...

[Sun Oct  9 09:09:12 2022]
localrule all:
    input: ../data/interim/ica_paper_df.csv, ../data/interim/ica_paper_data.csv, ../data/interim/ica_author_data.csv, ../data/interim/ica_error_urls.txt, ../data/interim/author_with_gender.csv, ../data/interim/author_with_pred_raw.csv, ../data/processed/author_with_pred.csv, ../data/processed/ica_paper_df_with_type.csv, ../data/processed/author_with_pred_with_type.csv, ../data/processed/research_paper_df.csv, ../data/processed/research_author_with_pred.csv, ../data/processed/authors_to_study.csv, ../data/processed/dois_to_study.txt, ../data/processed/papers_to_study.csv, ../data/processed/authorid_with_variables.csv
    jobid: 0
    resources: tmpdir=/var/folders/z2/5kr96fyn63z_tj_bwr33t5dw0000gn/T

[Sun Oct  9 09:09:12 2022]
Finished job 0.
2 of 2 steps (100%) done
Complete log: .snakemake/log/2022-10-09T090859.133329.snakemake.log
