Building DAG of jobs...
Using shell: /bin/bash
Provided cores: 1 (use --cores to define parallelism)
Rules claiming more threads will be scaled down.
Job stats:
job                                count    min threads    max threads
-------------------------------  -------  -------------  -------------
all                                    1              1              1
get_authors_and_papers_expanded        1              1              1
total                                  2              1              1

Select jobs to execute...

[Sun Oct  9 10:06:07 2022]
rule get_authors_and_papers_expanded:
    input: ../data/processed/authorid_with_variables.csv, ../data/processed/authors_to_study.csv, ../data/processed/papers_to_study.csv
    output: ../data/processed/authors_to_study_expanded.csv, ../data/processed/papers_to_study_expanded.csv
    jobid: 8
    resources: tmpdir=/var/folders/z2/5kr96fyn63z_tj_bwr33t5dw0000gn/T

[Sun Oct  9 10:06:13 2022]
Finished job 8.
1 of 2 steps (50%) done
Select jobs to execute...

[Sun Oct  9 10:06:13 2022]
localrule all:
    input: ../data/interim/ica_paper_df.csv, ../data/interim/ica_paper_data.csv, ../data/interim/ica_author_data.csv, ../data/interim/ica_error_urls.txt, ../data/interim/author_with_gender.csv, ../data/interim/author_with_pred_raw.csv, ../data/processed/author_with_pred.csv, ../data/processed/ica_paper_df_with_type.csv, ../data/processed/author_with_pred_with_type.csv, ../data/processed/research_paper_df.csv, ../data/processed/research_author_with_pred.csv, ../data/processed/authors_to_study.csv, ../data/processed/dois_to_study.txt, ../data/processed/papers_to_study.csv, ../data/processed/authorid_with_variables.csv, ../data/processed/authors_to_study_expanded.csv, ../data/processed/papers_to_study_expanded.csv
    jobid: 0
    resources: tmpdir=/var/folders/z2/5kr96fyn63z_tj_bwr33t5dw0000gn/T

[Sun Oct  9 10:06:13 2022]
Finished job 0.
2 of 2 steps (100%) done
Complete log: .snakemake/log/2022-10-09T100607.184900.snakemake.log
