Building DAG of jobs...
Using shell: /bin/bash
Provided cores: 1 (use --cores to define parallelism)
Rules claiming more threads will be scaled down.
Job stats:
job                  count    min threads    max threads
-----------------  -------  -------------  -------------
all                      1              1              1
get_gscholar_data        1              1              1
total                    2              1              1

Select jobs to execute...

[Thu Nov 24 13:28:01 2022]
rule get_gscholar_data:
    input: ../data/processed/authors_to_study.csv
    output: ../data/processed/gscholar_data.csv
    jobid: 1
    reason: Missing output files: ../data/processed/gscholar_data.csv
    resources: tmpdir=/var/folders/jh/8bnrrjds16sbkbtxfzdx393w0000gn/T

[Thu Nov 24 13:28:01 2022]
Error in rule get_gscholar_data:
    jobid: 1
    input: ../data/processed/authors_to_study.csv
    output: ../data/processed/gscholar_data.csv
    shell:
        python scripts/get_gscholar_data.py ../data/processed/authors_to_study.csv../data/processed/gscholar_data.csv
        (one of the commands exited with non-zero exit code; note that snakemake uses bash strict mode!)

Shutting down, this might take some time.
Exiting because a job execution failed. Look above for error message
Complete log: .snakemake/log/2022-11-24T132800.779038.snakemake.log
