Building DAG of jobs...
Using shell: /bin/bash
Provided cores: 1 (use --cores to define parallelism)
Rules claiming more threads will be scaled down.
Job stats:
job                         count    min threads    max threads
------------------------  -------  -------------  -------------
all                             1              1              1
get_gender_race_aff_pred        1              1              1
total                           2              1              1

Select jobs to execute...

[Mon Jul 25 15:46:01 2022]
rule get_gender_race_aff_pred:
    input: ../data/interim/ica_author_data.csv, ../data/raw/large/ror.json
    output: ../data/interim/author_with_pred.csv
    jobid: 3
    resources: tmpdir=/var/folders/z2/5kr96fyn63z_tj_bwr33t5dw0000gn/T

[Mon Jul 25 15:47:30 2022]
Error in rule get_gender_race_aff_pred:
    jobid: 3
    output: ../data/interim/author_with_pred.csv
    shell:
        python scripts/get_gender_race_aff_pred.py ../data/interim/ica_author_data.csv ../data/raw/large/ror.json ../data/interim/author_with_pred.csv
        (one of the commands exited with non-zero exit code; note that snakemake uses bash strict mode!)

Shutting down, this might take some time.
Exiting because a job execution failed. Look above for error message
Complete log: .snakemake/log/2022-07-25T154600.483463.snakemake.log
