Building DAG of jobs...
Using shell: /bin/bash
Provided cores: 1 (use --cores to define parallelism)
Rules claiming more threads will be scaled down.
Job stats:
job                       count    min threads    max threads
----------------------  -------  -------------  -------------
all                           1              1              1
scrape_ica_author_data        1              1              1
total                         2              1              1

Select jobs to execute...

[Sat Jul 23 06:09:07 2022]
rule scrape_ica_author_data:
    input: ../data/interim/ica_paper_df.csv
    output: ../data/interim/ica_paper_data.csv, ../data/interim/ica_author_data.csv, ../data/interim/ica_error_urls.txt
    jobid: 2
    resources: tmpdir=/var/folders/z2/5kr96fyn63z_tj_bwr33t5dw0000gn/T

Terminating processes on user request, this might take some time.
[Sat Jul 23 06:09:29 2022]
Error in rule scrape_ica_author_data:
    jobid: 2
    output: ../data/interim/ica_paper_data.csv, ../data/interim/ica_author_data.csv, ../data/interim/ica_error_urls.txt
    shell:
        python scripts/scrape_ica_author_data.py ../data/interim/ica_paper_df.csv ../data/interim/ica_paper_data.csv ../data/interim/ica_author_data.csv ../data/interim/ica_error_urls.txt
        (one of the commands exited with non-zero exit code; note that snakemake uses bash strict mode!)

Complete log: .snakemake/log/2022-07-23T060907.735259.snakemake.log
