Building DAG of jobs...
Using shell: /bin/bash
Provided cores: 1 (use --cores to define parallelism)
Rules claiming more threads will be scaled down.
Job stats:
job                                count    min threads    max threads
-------------------------------  -------  -------------  -------------
all                                    1              1              1
get_authors_and_papers_expanded        1              1              1
total                                  2              1              1

Select jobs to execute...

[Thu Jun  8 08:52:31 2023]
rule get_authors_and_papers_expanded:
    input: ../data/processed/authorid_with_variables.csv, ../data/processed/authors_to_study.csv, ../data/processed/papers_to_study.csv, ../data/processed/gscholar_data_combined.csv
    output: ../data/processed/authors_to_study_expanded.csv, ../data/processed/papers_to_study_expanded.csv
    jobid: 1
    resources: tmpdir=/var/folders/z2/5kr96fyn63z_tj_bwr33t5dw0000gn/T

[Thu Jun  8 08:52:47 2023]
Finished job 1.
1 of 2 steps (50%) done
Select jobs to execute...

[Thu Jun  8 08:52:47 2023]
localrule all:
    input: ../data/processed/authors_to_study_expanded.csv, ../data/processed/papers_to_study_expanded.csv
    jobid: 0
    resources: tmpdir=/var/folders/z2/5kr96fyn63z_tj_bwr33t5dw0000gn/T

[Thu Jun  8 08:52:47 2023]
Finished job 0.
2 of 2 steps (100%) done
Complete log: /Users/hongtaoh/Desktop/github/ica_authors/workflow/.snakemake/log/2023-06-08T085230.947009.snakemake.log
